2023-04-28 14:28:32 INF User profile is available. Using 'C:\Users\HP\AppData\Local\ASP.NET\DataProtection-Keys' as key repository and Windows DPAPI to encrypt keys at rest.2023-04-28 14:28:32 INF Application started. Press Ctrl+C to shut down.2023-04-28 14:28:32 INF Hosting environment: Development2023-04-28 14:28:32 INF Content root path: C:\Users\HP\Desktop\C#\Api\RestApiTest\WebApi\RestApi.UI\2023-04-28 14:28:32 INF Request starting HTTP/2 GET https://localhost:44311/swagger/index.html - -2023-04-28 14:28:32 INF Request starting HTTP/2 GET https://localhost:44311/_framework/aspnetcore-browser-refresh.js - -2023-04-28 14:28:32 INF Request starting HTTP/2 GET https://localhost:44311/_vs/browserLink - -2023-04-28 14:28:32 INF Request finished HTTP/2 GET https://localhost:44311/swagger/index.html - - - 200 - text/html;charset=utf-8 481.6841ms2023-04-28 14:28:32 INF Request finished HTTP/2 GET https://localhost:44311/_framework/aspnetcore-browser-refresh.js - - - 200 11982 application/javascript;+charset=utf-8 29.7795ms2023-04-28 14:28:33 INF Request finished HTTP/2 GET https://localhost:44311/_vs/browserLink - - - 200 - text/javascript;+charset=UTF-8 93.8551ms2023-04-28 14:28:33 INF Request starting HTTP/2 GET https://localhost:44311/swagger/v1/swagger.json - -2023-04-28 14:28:33 INF Request finished HTTP/2 GET https://localhost:44311/swagger/v1/swagger.json - - - 200 - application/json;charset=utf-8 266.6441ms2023-04-28 14:28:36 INF Request starting HTTP/2 GET https://localhost:44311/api/Employee/GetAll - -2023-04-28 14:28:37 INF No cached response available for this request.2023-04-28 14:28:37 INF Executing endpoint 'Api.UI.Controllers.EmployeeController.GetAll (Api.UI)'2023-04-28 14:28:37 INF Route matched with {action = "GetAll", controller = "Employee"}. Executing controller action with signature System.Threading.Tasks.Task`1[Microsoft.AspNetCore.Mvc.IActionResult] GetAll() on controller Api.UI.Controllers.EmployeeController (Api.UI).2023-04-28 14:28:39 INF Entity Framework Core 6.0.16 initialized 'AppDbContext' using provider 'Microsoft.EntityFrameworkCore.SqlServer:6.0.16' with options: None2023-04-28 14:28:39 INF GetAll index istek atilmisdir.2023-04-28 14:28:41 INF Executed DbCommand (153ms) [Parameters=[], CommandType='"Text"', CommandTimeout='30']
SELECT [m].[Id], [m].[Adress], [m].[Age], [m].[CreateDate], [m].[Name], [m].[Surname]
FROM [Members] AS [m]2023-04-28 14:28:42 INF Executing OkObjectResult, writing value of type 'System.Collections.Generic.List`1[[ServiceLayer.DTOs.User.UserDto, ServiceLayer, Version=1.0.0.0, Culture=neutral, PublicKeyToken=null]]'.2023-04-28 14:28:42 INF Executed action Api.UI.Controllers.EmployeeController.GetAll (Api.UI) in 4736.5457ms2023-04-28 14:28:42 INF Executed endpoint 'Api.UI.Controllers.EmployeeController.GetAll (Api.UI)'2023-04-28 14:28:42 INF The response has been cached.2023-04-28 14:28:42 INF Request finished HTTP/2 GET https://localhost:44311/api/Employee/GetAll - - - 200 - application/json;+charset=utf-8 5136.0951ms***2023-04-28 14:53:06 --  INF  User profile is available. Using 'C:\Users\HP\AppData\Local\ASP.NET\DataProtection-Keys' as key repository and Windows DPAPI to encrypt keys at rest.
***2023-04-28 14:53:07 --  INF  Application started. Press Ctrl+C to shut down.
***2023-04-28 14:53:07 --  INF  Hosting environment: Development
***2023-04-28 14:53:07 --  INF  Content root path: C:\Users\HP\Desktop\C#\Api\RestApiTest\WebApi\RestApi.UI\
***2023-04-28 14:53:07 --  INF  Request starting HTTP/2 GET https://localhost:44311/swagger/index.html - -
***2023-04-28 14:53:07 --  INF  Request starting HTTP/2 GET https://localhost:44311/_framework/aspnetcore-browser-refresh.js - -
***2023-04-28 14:53:07 --  INF  Request starting HTTP/2 GET https://localhost:44311/_vs/browserLink - -
***2023-04-28 14:53:07 --  INF  Request finished HTTP/2 GET https://localhost:44311/swagger/index.html - - - 200 - text/html;charset=utf-8 639.8877ms
***2023-04-28 14:53:08 --  INF  Request finished HTTP/2 GET https://localhost:44311/_framework/aspnetcore-browser-refresh.js - - - 200 11982 application/javascript;+charset=utf-8 20.9415ms
***2023-04-28 14:53:08 --  INF  Request finished HTTP/2 GET https://localhost:44311/_vs/browserLink - - - 200 - text/javascript;+charset=UTF-8 105.8280ms
***2023-04-28 14:53:08 --  INF  Request starting HTTP/2 GET https://localhost:44311/swagger/v1/swagger.json - -
***2023-04-28 14:53:08 --  INF  Request finished HTTP/2 GET https://localhost:44311/swagger/v1/swagger.json - - - 200 - application/json;charset=utf-8 216.4974ms
***2023-04-28 14:53:34 --  INF  Request starting HTTP/2 POST https://localhost:44311/api/Account/Login application/json 58
***2023-04-28 14:53:34 --  INF  Executing endpoint 'Api.UI.Controllers.AccountController.Login (Api.UI)'
***2023-04-28 14:53:34 --  INF  Route matched with {action = "Login", controller = "Account"}. Executing controller action with signature System.Threading.Tasks.Task`1[Microsoft.AspNetCore.Mvc.IActionResult] Login(ServiceLayer.DTOs.Account.LoginDto) on controller Api.UI.Controllers.AccountController (Api.UI).
***2023-04-28 14:53:37 --  INF  Entity Framework Core 6.0.16 initialized 'AppDbContext' using provider 'Microsoft.EntityFrameworkCore.SqlServer:6.0.16' with options: None
***2023-04-28 14:53:39 --  INF  Executed DbCommand (232ms) [Parameters=[@__normalizedEmail_0='?' (Size = 256)], CommandType='"Text"', CommandTimeout='30']
SELECT TOP(2) [a].[Id], [a].[AccessFailedCount], [a].[ConcurrencyStamp], [a].[CreateDate], [a].[Email], [a].[EmailConfirmed], [a].[Fullname], [a].[LockoutEnabled], [a].[LockoutEnd], [a].[NormalizedEmail], [a].[NormalizedUserName], [a].[PasswordHash], [a].[PhoneNumber], [a].[PhoneNumberConfirmed], [a].[SecurityStamp], [a].[TwoFactorEnabled], [a].[UserName]
FROM [AspNetUsers] AS [a]
WHERE [a].[NormalizedEmail] = @__normalizedEmail_0
***2023-04-28 14:53:40 --  INF  Executed DbCommand (13ms) [Parameters=[@__userId_0='?' (Size = 450)], CommandType='"Text"', CommandTimeout='30']
SELECT [a0].[Name]
FROM [AspNetUserRoles] AS [a]
INNER JOIN [AspNetRoles] AS [a0] ON [a].[RoleId] = [a0].[Id]
WHERE [a].[UserId] = @__userId_0
***2023-04-28 14:53:40 --  INF  Login index'e istek atilmisdir.
***2023-04-28 14:53:40 --  INF  Executing OkObjectResult, writing value of type 'System.String'.
***2023-04-28 14:53:40 --  INF  Executed action Api.UI.Controllers.AccountController.Login (Api.UI) in 6376.2062ms
***2023-04-28 14:53:40 --  INF  Executed endpoint 'Api.UI.Controllers.AccountController.Login (Api.UI)'
***2023-04-28 14:53:40 --  INF  Request finished HTTP/2 POST https://localhost:44311/api/Account/Login application/json 58 - 200 - text/plain;+charset=utf-8 6788.4209ms
***2023-04-28 14:54:05 --  INF  Request starting HTTP/2 GET https://localhost:44311/api/Employee/GetAll - -
***2023-04-28 14:54:05 --  INF  No cached response available for this request.
***2023-04-28 14:54:05 --  INF  Executing endpoint 'Api.UI.Controllers.EmployeeController.GetAll (Api.UI)'
***2023-04-28 14:54:05 --  INF  Route matched with {action = "GetAll", controller = "Employee"}. Executing controller action with signature System.Threading.Tasks.Task`1[Microsoft.AspNetCore.Mvc.IActionResult] GetAll() on controller Api.UI.Controllers.EmployeeController (Api.UI).
***2023-04-28 14:54:05 --  INF  Entity Framework Core 6.0.16 initialized 'AppDbContext' using provider 'Microsoft.EntityFrameworkCore.SqlServer:6.0.16' with options: None
***2023-04-28 14:54:05 --  INF  GetAll index'e istek atilmisdir.
***2023-04-28 14:54:05 --  INF  Executed DbCommand (13ms) [Parameters=[], CommandType='"Text"', CommandTimeout='30']
SELECT [m].[Id], [m].[Adress], [m].[Age], [m].[CreateDate], [m].[Name], [m].[Surname]
FROM [Members] AS [m]
***2023-04-28 14:54:06 --  INF  Executing OkObjectResult, writing value of type 'System.Collections.Generic.List`1[[ServiceLayer.DTOs.User.UserDto, ServiceLayer, Version=1.0.0.0, Culture=neutral, PublicKeyToken=null]]'.
***2023-04-28 14:54:06 --  INF  Executed action Api.UI.Controllers.EmployeeController.GetAll (Api.UI) in 223.576ms
***2023-04-28 14:54:06 --  INF  Executed endpoint 'Api.UI.Controllers.EmployeeController.GetAll (Api.UI)'
***2023-04-28 14:54:06 --  INF  The response has been cached.
***2023-04-28 14:54:06 --  INF  Request finished HTTP/2 GET https://localhost:44311/api/Employee/GetAll - - - 200 - application/json;+charset=utf-8 271.4266ms
***2023-04-28 14:54:22 --  INF  Request starting HTTP/2 DELETE https://localhost:44311/api/Employee/Remove(OnlyAdmin)/6 - -
***2023-04-28 14:54:22 --  INF  Authorization failed. These requirements were not met:
RolesAuthorizationRequirement:User.IsInRole must be true for one of the following roles: (Admin)
***2023-04-28 14:54:22 --  INF  AuthenticationScheme: Bearer was challenged.
***2023-04-28 14:54:22 --  INF  Request finished HTTP/2 DELETE https://localhost:44311/api/Employee/Remove(OnlyAdmin)/6 - - - 401 - - 51.6294ms
***2023-04-28 14:57:14 --  INF  User profile is available. Using 'C:\Users\HP\AppData\Local\ASP.NET\DataProtection-Keys' as key repository and Windows DPAPI to encrypt keys at rest.
***2023-04-28 14:57:14 --  INF  Application started. Press Ctrl+C to shut down.
***2023-04-28 14:57:14 --  INF  Hosting environment: Development
***2023-04-28 14:57:14 --  INF  Content root path: C:\Users\HP\Desktop\C#\Api\RestApiTest\WebApi\RestApi.UI\
***2023-04-28 14:57:14 --  INF  Request starting HTTP/2 GET https://localhost:44311/swagger/index.html - -
***2023-04-28 14:57:15 --  INF  Request starting HTTP/2 GET https://localhost:44311/_framework/aspnetcore-browser-refresh.js - -
***2023-04-28 14:57:15 --  INF  Request finished HTTP/2 GET https://localhost:44311/swagger/index.html - - - 200 - text/html;charset=utf-8 765.3915ms
***2023-04-28 14:57:15 --  INF  Request finished HTTP/2 GET https://localhost:44311/_framework/aspnetcore-browser-refresh.js - - - 200 11982 application/javascript;+charset=utf-8 35.4035ms
***2023-04-28 14:57:15 --  INF  Request starting HTTP/2 GET https://localhost:44311/_vs/browserLink - -
***2023-04-28 14:57:15 --  INF  Request finished HTTP/2 GET https://localhost:44311/_vs/browserLink - - - 200 - text/javascript;+charset=UTF-8 98.9038ms
***2023-04-28 14:57:15 --  INF  Request starting HTTP/2 GET https://localhost:44311/swagger/v1/swagger.json - -
***2023-04-28 14:57:16 --  INF  Request finished HTTP/2 GET https://localhost:44311/swagger/v1/swagger.json - - - 200 - application/json;charset=utf-8 238.0719ms
***2023-04-28 14:59:03 --  INF  Request starting HTTP/1.1 POST https://localhost:44311/api/Account/Login application/json 63
***2023-04-28 14:59:04 --  INF  Executing endpoint 'Api.UI.Controllers.AccountController.Login (Api.UI)'
***2023-04-28 14:59:04 --  INF  Route matched with {action = "Login", controller = "Account"}. Executing controller action with signature System.Threading.Tasks.Task`1[Microsoft.AspNetCore.Mvc.IActionResult] Login(ServiceLayer.DTOs.Account.LoginDto) on controller Api.UI.Controllers.AccountController (Api.UI).
***2023-04-28 14:59:06 --  INF  Entity Framework Core 6.0.16 initialized 'AppDbContext' using provider 'Microsoft.EntityFrameworkCore.SqlServer:6.0.16' with options: None
***2023-04-28 14:59:09 --  INF  Executed DbCommand (211ms) [Parameters=[@__normalizedEmail_0='?' (Size = 256)], CommandType='"Text"', CommandTimeout='30']
SELECT TOP(2) [a].[Id], [a].[AccessFailedCount], [a].[ConcurrencyStamp], [a].[CreateDate], [a].[Email], [a].[EmailConfirmed], [a].[Fullname], [a].[LockoutEnabled], [a].[LockoutEnd], [a].[NormalizedEmail], [a].[NormalizedUserName], [a].[PasswordHash], [a].[PhoneNumber], [a].[PhoneNumberConfirmed], [a].[SecurityStamp], [a].[TwoFactorEnabled], [a].[UserName]
FROM [AspNetUsers] AS [a]
WHERE [a].[NormalizedEmail] = @__normalizedEmail_0
***2023-04-28 14:59:09 --  INF  Executed DbCommand (12ms) [Parameters=[@__userId_0='?' (Size = 450)], CommandType='"Text"', CommandTimeout='30']
SELECT [a0].[Name]
FROM [AspNetUserRoles] AS [a]
INNER JOIN [AspNetRoles] AS [a0] ON [a].[RoleId] = [a0].[Id]
WHERE [a].[UserId] = @__userId_0
***2023-04-28 14:59:10 --  INF  Login index'e istek atilmisdir.
***2023-04-28 14:59:10 --  INF  Executing OkObjectResult, writing value of type 'System.String'.
***2023-04-28 14:59:10 --  INF  Executed action Api.UI.Controllers.AccountController.Login (Api.UI) in 6068.8388ms
***2023-04-28 14:59:10 --  INF  Executed endpoint 'Api.UI.Controllers.AccountController.Login (Api.UI)'
***2023-04-28 14:59:10 --  INF  Request finished HTTP/1.1 POST https://localhost:44311/api/Account/Login application/json 63 - 200 - text/plain;+charset=utf-8 6458.3927ms
***2023-04-28 14:59:36 --  INF  Request starting HTTP/1.1 POST https://localhost:44311/api/Employee/Create(Authorize) application/json 93
***2023-04-28 14:59:37 --  INF  Failed to validate the token.Microsoft.IdentityModel.Tokens.SecurityTokenExpiredException: IDX10223: Lifetime validation failed. The token is expired. ValidTo: 'System.DateTime', Current time: 'System.DateTime'.
   at Microsoft.IdentityModel.Tokens.Validators.ValidateLifetime(Nullable`1 notBefore, Nullable`1 expires, SecurityToken securityToken, TokenValidationParameters validationParameters)
   at System.IdentityModel.Tokens.Jwt.JwtSecurityTokenHandler.ValidateTokenPayload(JwtSecurityToken jwtToken, TokenValidationParameters validationParameters)
   at System.IdentityModel.Tokens.Jwt.JwtSecurityTokenHandler.ValidateToken(String token, TokenValidationParameters validationParameters, SecurityToken& validatedToken)
   at Microsoft.AspNetCore.Authentication.JwtBearer.JwtBearerHandler.HandleAuthenticateAsync()

***2023-04-28 14:59:37 --  INF  Bearer was not authenticated. Failure message: IDX10223: Lifetime validation failed. The token is expired. ValidTo: 'System.DateTime', Current time: 'System.DateTime'.
***2023-04-28 14:59:37 --  INF  Authorization failed. These requirements were not met:
DenyAnonymousAuthorizationRequirement: Requires an authenticated user.
***2023-04-28 14:59:37 --  INF  AuthenticationScheme: Bearer was challenged.
***2023-04-28 14:59:37 --  INF  Request finished HTTP/1.1 POST https://localhost:44311/api/Employee/Create(Authorize) application/json 93 - 401 - - 313.4124ms
***2023-04-28 14:59:52 --  INF  Request starting HTTP/1.1 POST https://localhost:44311/api/Employee/Create(Authorize) application/json 93
***2023-04-28 14:59:52 --  INF  Executing endpoint 'Api.UI.Controllers.EmployeeController.Create (Api.UI)'
***2023-04-28 14:59:52 --  INF  Route matched with {action = "Create", controller = "Employee"}. Executing controller action with signature System.Threading.Tasks.Task`1[Microsoft.AspNetCore.Mvc.IActionResult] Create(ServiceLayer.DTOs.User.UserCreateDto) on controller Api.UI.Controllers.EmployeeController (Api.UI).
***2023-04-28 14:59:52 --  INF  Entity Framework Core 6.0.16 initialized 'AppDbContext' using provider 'Microsoft.EntityFrameworkCore.SqlServer:6.0.16' with options: None
***2023-04-28 14:59:52 --  INF  Executing BadRequestObjectResult, writing value of type 'Microsoft.AspNetCore.Mvc.ValidationProblemDetails'.
***2023-04-28 14:59:52 --  INF  Executed action Api.UI.Controllers.EmployeeController.Create (Api.UI) in 115.8931ms
***2023-04-28 14:59:52 --  INF  Executed endpoint 'Api.UI.Controllers.EmployeeController.Create (Api.UI)'
***2023-04-28 14:59:52 --  INF  Request finished HTTP/1.1 POST https://localhost:44311/api/Employee/Create(Authorize) application/json 93 - 400 - application/problem+json;+charset=utf-8 181.2452ms
***2023-04-28 15:00:39 --  INF  Request starting HTTP/1.1 POST https://localhost:44311/api/Employee/Create(Authorize) application/json 94
***2023-04-28 15:00:39 --  INF  Executing endpoint 'Api.UI.Controllers.EmployeeController.Create (Api.UI)'
***2023-04-28 15:00:39 --  INF  Route matched with {action = "Create", controller = "Employee"}. Executing controller action with signature System.Threading.Tasks.Task`1[Microsoft.AspNetCore.Mvc.IActionResult] Create(ServiceLayer.DTOs.User.UserCreateDto) on controller Api.UI.Controllers.EmployeeController (Api.UI).
***2023-04-28 15:00:39 --  INF  Entity Framework Core 6.0.16 initialized 'AppDbContext' using provider 'Microsoft.EntityFrameworkCore.SqlServer:6.0.16' with options: None
***2023-04-28 15:00:39 --  INF  Executing BadRequestObjectResult, writing value of type 'Microsoft.AspNetCore.Mvc.ValidationProblemDetails'.
***2023-04-28 15:00:39 --  INF  Executed action Api.UI.Controllers.EmployeeController.Create (Api.UI) in 55.4726ms
***2023-04-28 15:00:39 --  INF  Executed endpoint 'Api.UI.Controllers.EmployeeController.Create (Api.UI)'
***2023-04-28 15:00:39 --  INF  Request finished HTTP/1.1 POST https://localhost:44311/api/Employee/Create(Authorize) application/json 94 - 400 - application/problem+json;+charset=utf-8 64.0373ms
