***2023-06-11 11:22:48 --  INF  User profile is available. Using 'C:\Users\HP\AppData\Local\ASP.NET\DataProtection-Keys' as key repository and Windows DPAPI to encrypt keys at rest.
***2023-06-11 11:22:48 --  INF  Application started. Press Ctrl+C to shut down.
***2023-06-11 11:22:48 --  INF  Hosting environment: Development
***2023-06-11 11:22:48 --  INF  Content root path: C:\Users\HP\Desktop\C#\Api\RestApiTest\WebApi\RestApi.UI\
***2023-06-11 11:22:48 --  INF  Request starting HTTP/2 GET https://localhost:44311/swagger/index.html - -
***2023-06-11 11:22:49 --  INF  Request starting HTTP/2 GET https://localhost:44311/_framework/aspnetcore-browser-refresh.js - -
***2023-06-11 11:22:49 --  INF  Request starting HTTP/2 GET https://localhost:44311/_vs/browserLink - -
***2023-06-11 11:22:49 --  INF  Request finished HTTP/2 GET https://localhost:44311/_framework/aspnetcore-browser-refresh.js - - - 200 11982 application/javascript;+charset=utf-8 16.0175ms
***2023-06-11 11:22:49 --  INF  Request finished HTTP/2 GET https://localhost:44311/swagger/index.html - - - 200 - text/html;charset=utf-8 642.8284ms
***2023-06-11 11:22:49 --  INF  Request finished HTTP/2 GET https://localhost:44311/_vs/browserLink - - - 200 - text/javascript;+charset=UTF-8 126.4990ms
***2023-06-11 11:22:49 --  INF  Request starting HTTP/2 GET https://localhost:44311/swagger/v1/swagger.json - -
***2023-06-11 11:22:50 --  INF  Request finished HTTP/2 GET https://localhost:44311/swagger/v1/swagger.json - - - 200 - application/json;charset=utf-8 359.0432ms
***2023-06-11 11:22:59 --  INF  Request starting HTTP/2 POST https://localhost:44311/api/Country/Upload multipart/form-data;+boundary=----WebKitFormBoundaryDpzpvKnFMObDpryE 491468
***2023-06-11 11:22:59 --  INF  Executing endpoint 'Api.UI.Controllers.CountryController.Upload (Api.UI)'
***2023-06-11 11:22:59 --  INF  Route matched with {action = "Upload", controller = "Country"}. Executing controller action with signature System.Threading.Tasks.Task`1[Microsoft.AspNetCore.Mvc.IActionResult] Upload(Microsoft.AspNetCore.Http.IFormFile) on controller Api.UI.Controllers.CountryController (Api.UI).
***2023-06-11 11:23:01 --  INF  Entity Framework Core 6.0.16 initialized 'AppDbContext' using provider 'Microsoft.EntityFrameworkCore.SqlServer:6.0.16' with options: None
***2023-06-11 11:23:01 --  INF  Executing CreatedResult, writing value of type 'Microsoft.AspNetCore.Http.FormFile'.
***2023-06-11 11:23:01 --  INF  Executed action Api.UI.Controllers.CountryController.Upload (Api.UI) in 2267.2348ms
***2023-06-11 11:23:02 --  INF  Executed endpoint 'Api.UI.Controllers.CountryController.Upload (Api.UI)'
***2023-06-11 11:23:02 --  INF  Request finished HTTP/2 POST https://localhost:44311/api/Country/Upload multipart/form-data;+boundary=----WebKitFormBoundaryDpzpvKnFMObDpryE 491468 - 201 - application/json;+charset=utf-8 2615.6445ms
***2023-06-11 11:31:58 --  INF  User profile is available. Using 'C:\Users\HP\AppData\Local\ASP.NET\DataProtection-Keys' as key repository and Windows DPAPI to encrypt keys at rest.
***2023-06-11 11:31:58 --  INF  Application started. Press Ctrl+C to shut down.
***2023-06-11 11:31:58 --  INF  Hosting environment: Development
***2023-06-11 11:31:58 --  INF  Content root path: C:\Users\HP\Desktop\C#\Api\RestApiTest\WebApi\RestApi.UI\
***2023-06-11 11:31:58 --  INF  Request starting HTTP/2 GET https://localhost:44311/swagger/index.html - -
***2023-06-11 11:31:59 --  INF  Request starting HTTP/2 GET https://localhost:44311/_framework/aspnetcore-browser-refresh.js - -
***2023-06-11 11:31:59 --  INF  Request finished HTTP/2 GET https://localhost:44311/swagger/index.html - - - 200 - text/html;charset=utf-8 546.8205ms
***2023-06-11 11:31:59 --  INF  Request starting HTTP/2 GET https://localhost:44311/_vs/browserLink - -
***2023-06-11 11:31:59 --  INF  Request finished HTTP/2 GET https://localhost:44311/_framework/aspnetcore-browser-refresh.js - - - 200 11982 application/javascript;+charset=utf-8 23.1448ms
***2023-06-11 11:31:59 --  INF  Request finished HTTP/2 GET https://localhost:44311/_vs/browserLink - - - 200 - text/javascript;+charset=UTF-8 88.7660ms
***2023-06-11 11:31:59 --  INF  Request starting HTTP/2 GET https://localhost:44311/swagger/v1/swagger.json - -
***2023-06-11 11:31:59 --  INF  Request finished HTTP/2 GET https://localhost:44311/swagger/v1/swagger.json - - - 200 - application/json;charset=utf-8 349.6253ms
***2023-06-11 11:32:04 --  INF  Request starting HTTP/1.1 POST https://localhost:44311/api/Account/Login application/json;+charset=utf-8 49
***2023-06-11 11:32:04 --  INF  Executing endpoint 'Api.UI.Controllers.AccountController.Login (Api.UI)'
***2023-06-11 11:32:04 --  INF  Route matched with {action = "Login", controller = "Account"}. Executing controller action with signature System.Threading.Tasks.Task`1[Microsoft.AspNetCore.Mvc.IActionResult] Login(ServiceLayer.DTOs.Account.LoginDto) on controller Api.UI.Controllers.AccountController (Api.UI).
***2023-06-11 11:32:07 --  INF  Entity Framework Core 6.0.16 initialized 'AppDbContext' using provider 'Microsoft.EntityFrameworkCore.SqlServer:6.0.16' with options: None
***2023-06-11 11:32:09 --  INF  Executed DbCommand (203ms) [Parameters=[@__normalizedEmail_0='?' (Size = 256)], CommandType='"Text"', CommandTimeout='30']
SELECT TOP(2) [a].[Id], [a].[AccessFailedCount], [a].[ConcurrencyStamp], [a].[CreateDate], [a].[Email], [a].[EmailConfirmed], [a].[Fullname], [a].[LockoutEnabled], [a].[LockoutEnd], [a].[NormalizedEmail], [a].[NormalizedUserName], [a].[PasswordHash], [a].[PhoneNumber], [a].[PhoneNumberConfirmed], [a].[SecurityStamp], [a].[TwoFactorEnabled], [a].[UserName]
FROM [AspNetUsers] AS [a]
WHERE [a].[NormalizedEmail] = @__normalizedEmail_0
***2023-06-11 11:32:10 --  INF  Executed DbCommand (21ms) [Parameters=[@__userId_0='?' (Size = 450)], CommandType='"Text"', CommandTimeout='30']
SELECT [a0].[Name]
FROM [AspNetUserRoles] AS [a]
INNER JOIN [AspNetRoles] AS [a0] ON [a].[RoleId] = [a0].[Id]
WHERE [a].[UserId] = @__userId_0
***2023-06-11 11:32:10 --  INF  Login index'e istek atilmisdir.
***2023-06-11 11:32:10 --  INF  Executing OkObjectResult, writing value of type 'ServiceLayer.DTOs.Account.TokenResponseDto'.
***2023-06-11 11:32:10 --  INF  Executed action Api.UI.Controllers.AccountController.Login (Api.UI) in 6489.6933ms
***2023-06-11 11:32:10 --  INF  Executed endpoint 'Api.UI.Controllers.AccountController.Login (Api.UI)'
***2023-06-11 11:32:10 --  INF  Request finished HTTP/1.1 POST https://localhost:44311/api/Account/Login application/json;+charset=utf-8 49 - 200 - application/json;+charset=utf-8 6880.1310ms
***2023-06-11 11:33:03 --  INF  Request starting HTTP/1.1 PUT https://localhost:44311/api/Country/Upload application/json;+charset=utf-8 331
***2023-06-11 11:33:03 --  INF  Executing endpoint '405 HTTP Method Not Supported'
***2023-06-11 11:33:03 --  INF  Executed endpoint '405 HTTP Method Not Supported'
***2023-06-11 11:33:03 --  INF  Request finished HTTP/1.1 PUT https://localhost:44311/api/Country/Upload application/json;+charset=utf-8 331 - 405 - - 190.8104ms
***2023-06-11 11:34:58 --  INF  User profile is available. Using 'C:\Users\HP\AppData\Local\ASP.NET\DataProtection-Keys' as key repository and Windows DPAPI to encrypt keys at rest.
***2023-06-11 11:34:58 --  INF  Application started. Press Ctrl+C to shut down.
***2023-06-11 11:34:58 --  INF  Hosting environment: Development
***2023-06-11 11:34:58 --  INF  Content root path: C:\Users\HP\Desktop\C#\Api\RestApiTest\WebApi\RestApi.UI\
***2023-06-11 11:34:58 --  INF  Request starting HTTP/2 GET https://localhost:44311/swagger/index.html - -
***2023-06-11 11:34:59 --  INF  Request starting HTTP/2 GET https://localhost:44311/_framework/aspnetcore-browser-refresh.js - -
***2023-06-11 11:34:59 --  INF  Request finished HTTP/2 GET https://localhost:44311/swagger/index.html - - - 200 - text/html;charset=utf-8 736.0199ms
***2023-06-11 11:34:59 --  INF  Request starting HTTP/2 GET https://localhost:44311/_vs/browserLink - -
***2023-06-11 11:34:59 --  INF  Request finished HTTP/2 GET https://localhost:44311/_framework/aspnetcore-browser-refresh.js - - - 200 11982 application/javascript;+charset=utf-8 26.6490ms
***2023-06-11 11:34:59 --  INF  Request finished HTTP/2 GET https://localhost:44311/_vs/browserLink - - - 200 - text/javascript;+charset=UTF-8 140.2867ms
***2023-06-11 11:34:59 --  INF  Request starting HTTP/2 GET https://localhost:44311/swagger/v1/swagger.json - -
***2023-06-11 11:34:59 --  INF  Request finished HTTP/2 GET https://localhost:44311/swagger/v1/swagger.json - - - 200 - application/json;charset=utf-8 289.0981ms
***2023-06-11 11:35:37 --  INF  Request starting HTTP/1.1 PUT https://localhost:44311/api/Country/Upload application/json;+charset=utf-8 330
***2023-06-11 11:35:37 --  INF  Executing endpoint '405 HTTP Method Not Supported'
***2023-06-11 11:35:37 --  INF  Executed endpoint '405 HTTP Method Not Supported'
***2023-06-11 11:35:37 --  INF  Request finished HTTP/1.1 PUT https://localhost:44311/api/Country/Upload application/json;+charset=utf-8 330 - 405 - - 570.0968ms
***2023-06-11 11:36:09 --  INF  User profile is available. Using 'C:\Users\HP\AppData\Local\ASP.NET\DataProtection-Keys' as key repository and Windows DPAPI to encrypt keys at rest.
***2023-06-11 11:36:09 --  INF  Application started. Press Ctrl+C to shut down.
***2023-06-11 11:36:09 --  INF  Hosting environment: Development
***2023-06-11 11:36:09 --  INF  Content root path: C:\Users\HP\Desktop\C#\Api\RestApiTest\WebApi\RestApi.UI\
***2023-06-11 11:36:10 --  INF  Request starting HTTP/2 GET https://localhost:44311/swagger/index.html - -
***2023-06-11 11:36:10 --  INF  Request starting HTTP/2 GET https://localhost:44311/_framework/aspnetcore-browser-refresh.js - -
***2023-06-11 11:36:10 --  INF  Request starting HTTP/2 GET https://localhost:44311/_vs/browserLink - -
***2023-06-11 11:36:10 --  INF  Request finished HTTP/2 GET https://localhost:44311/swagger/index.html - - - 200 - text/html;charset=utf-8 691.7778ms
***2023-06-11 11:36:10 --  INF  Request finished HTTP/2 GET https://localhost:44311/_framework/aspnetcore-browser-refresh.js - - - 200 11982 application/javascript;+charset=utf-8 18.6922ms
***2023-06-11 11:36:10 --  INF  Request finished HTTP/2 GET https://localhost:44311/_vs/browserLink - - - 200 - text/javascript;+charset=UTF-8 133.5920ms
***2023-06-11 11:36:11 --  INF  Request starting HTTP/2 GET https://localhost:44311/swagger/v1/swagger.json - -
***2023-06-11 11:36:11 --  INF  Request finished HTTP/2 GET https://localhost:44311/swagger/v1/swagger.json - - - 200 - application/json;charset=utf-8 313.8198ms
***2023-06-11 11:36:20 --  INF  Request starting HTTP/1.1 POST https://localhost:44311/api/Country/Upload application/json;+charset=utf-8 330
***2023-06-11 11:36:21 --  INF  Executing endpoint '415 HTTP Unsupported Media Type'
***2023-06-11 11:36:21 --  INF  Executed endpoint '415 HTTP Unsupported Media Type'
***2023-06-11 11:36:21 --  INF  Request finished HTTP/1.1 POST https://localhost:44311/api/Country/Upload application/json;+charset=utf-8 330 - 415 - - 735.4114ms
***2023-06-11 11:36:43 --  INF  Request starting HTTP/1.1 POST https://localhost:44311/api/Country/Upload application/json;+charset=utf-8 330
***2023-06-11 11:36:43 --  INF  Executing endpoint '415 HTTP Unsupported Media Type'
***2023-06-11 11:36:43 --  INF  Executed endpoint '415 HTTP Unsupported Media Type'
***2023-06-11 11:36:43 --  INF  Request finished HTTP/1.1 POST https://localhost:44311/api/Country/Upload application/json;+charset=utf-8 330 - 415 - - 75.3891ms
