***2023-06-04 21:15:30 --  INF  User profile is available. Using 'C:\Users\HP\AppData\Local\ASP.NET\DataProtection-Keys' as key repository and Windows DPAPI to encrypt keys at rest.
***2023-06-04 21:15:30 --  INF  Application started. Press Ctrl+C to shut down.
***2023-06-04 21:15:30 --  INF  Hosting environment: Development
***2023-06-04 21:15:30 --  INF  Content root path: C:\Users\HP\Desktop\C#\Api\RestApiTest\WebApi\RestApi.UI\
***2023-06-04 21:15:30 --  INF  Request starting HTTP/2 GET https://localhost:44311/swagger/index.html - -
***2023-06-04 21:15:30 --  INF  Request finished HTTP/2 GET https://localhost:44311/swagger/index.html - - - 200 - text/html;charset=utf-8 167.7919ms
***2023-06-04 21:15:30 --  INF  Request starting HTTP/2 GET https://localhost:44311/_framework/aspnetcore-browser-refresh.js - -
***2023-06-04 21:15:30 --  INF  Request finished HTTP/2 GET https://localhost:44311/_framework/aspnetcore-browser-refresh.js - - - 200 11982 application/javascript;+charset=utf-8 3.3675ms
***2023-06-04 21:15:30 --  INF  Request starting HTTP/2 GET https://localhost:44311/_vs/browserLink - -
***2023-06-04 21:15:30 --  INF  Request finished HTTP/2 GET https://localhost:44311/_vs/browserLink - - - 200 - text/javascript;+charset=UTF-8 37.2225ms
***2023-06-04 21:15:31 --  INF  Request starting HTTP/2 GET https://localhost:44311/swagger/v1/swagger.json - -
***2023-06-04 21:15:31 --  INF  Request finished HTTP/2 GET https://localhost:44311/swagger/v1/swagger.json - - - 200 - application/json;charset=utf-8 102.9988ms
***2023-06-04 21:18:11 --  INF  User profile is available. Using 'C:\Users\HP\AppData\Local\ASP.NET\DataProtection-Keys' as key repository and Windows DPAPI to encrypt keys at rest.
***2023-06-04 21:18:12 --  INF  Application started. Press Ctrl+C to shut down.
***2023-06-04 21:18:12 --  INF  Hosting environment: Development
***2023-06-04 21:18:12 --  INF  Content root path: C:\Users\HP\Desktop\C#\Api\RestApiTest\WebApi\RestApi.UI\
***2023-06-04 21:18:12 --  INF  Request starting HTTP/2 GET https://localhost:44311/swagger/index.html - -
***2023-06-04 21:18:12 --  INF  Request starting HTTP/2 GET https://localhost:44311/_framework/aspnetcore-browser-refresh.js - -
***2023-06-04 21:18:12 --  INF  Request finished HTTP/2 GET https://localhost:44311/swagger/index.html - - - 200 - text/html;charset=utf-8 381.0957ms
***2023-06-04 21:18:12 --  INF  Request finished HTTP/2 GET https://localhost:44311/_framework/aspnetcore-browser-refresh.js - - - 200 11982 application/javascript;+charset=utf-8 9.6387ms
***2023-06-04 21:18:12 --  INF  Request starting HTTP/2 GET https://localhost:44311/_vs/browserLink - -
***2023-06-04 21:18:12 --  INF  Request finished HTTP/2 GET https://localhost:44311/_vs/browserLink - - - 200 - text/javascript;+charset=UTF-8 68.1221ms
***2023-06-04 21:18:12 --  INF  Request starting HTTP/2 GET https://localhost:44311/swagger/v1/swagger.json - -
***2023-06-04 21:18:12 --  INF  Request finished HTTP/2 GET https://localhost:44311/swagger/v1/swagger.json - - - 200 - application/json;charset=utf-8 141.4009ms
***2023-06-04 21:19:28 --  INF  User profile is available. Using 'C:\Users\HP\AppData\Local\ASP.NET\DataProtection-Keys' as key repository and Windows DPAPI to encrypt keys at rest.
***2023-06-04 21:19:28 --  INF  Application started. Press Ctrl+C to shut down.
***2023-06-04 21:19:28 --  INF  Hosting environment: Development
***2023-06-04 21:19:28 --  INF  Content root path: C:\Users\HP\Desktop\C#\Api\RestApiTest\WebApi\RestApi.UI\
***2023-06-04 21:19:28 --  INF  Request starting HTTP/2 GET https://localhost:44311/swagger - -
***2023-06-04 21:19:28 --  INF  Request starting HTTP/2 GET https://localhost:44311/swagger/index.html - -
***2023-06-04 21:19:28 --  INF  Request finished HTTP/2 GET https://localhost:44311/swagger - - - 301 - - 91.4318ms
***2023-06-04 21:19:29 --  INF  Request finished HTTP/2 GET https://localhost:44311/swagger/index.html - - - 200 - text/html;charset=utf-8 124.1185ms
***2023-06-04 21:19:29 --  INF  Request starting HTTP/2 GET https://localhost:44311/swagger/swagger-ui.css - -
***2023-06-04 21:19:29 --  INF  Request starting HTTP/2 GET https://localhost:44311/swagger/swagger-ui-bundle.js - -
***2023-06-04 21:19:29 --  INF  Request starting HTTP/2 GET https://localhost:44311/swagger/swagger-ui-standalone-preset.js - -
***2023-06-04 21:19:29 --  INF  Sending file. Request path: '/swagger-ui.css'. Physical path: 'N/A'
***2023-06-04 21:19:29 --  INF  Sending file. Request path: '/swagger-ui-standalone-preset.js'. Physical path: 'N/A'
***2023-06-04 21:19:29 --  INF  Request finished HTTP/2 GET https://localhost:44311/swagger/swagger-ui.css - - - 200 143632 text/css 21.3805ms
***2023-06-04 21:19:29 --  INF  Request starting HTTP/2 GET https://localhost:44311/_framework/aspnetcore-browser-refresh.js - -
***2023-06-04 21:19:29 --  INF  Request finished HTTP/2 GET https://localhost:44311/_framework/aspnetcore-browser-refresh.js - - - 200 11982 application/javascript;+charset=utf-8 1.9988ms
***2023-06-04 21:19:29 --  INF  Sending file. Request path: '/swagger-ui-bundle.js'. Physical path: 'N/A'
***2023-06-04 21:19:29 --  INF  Request starting HTTP/2 GET https://localhost:44311/_vs/browserLink - -
***2023-06-04 21:19:29 --  INF  Request finished HTTP/2 GET https://localhost:44311/swagger/swagger-ui-standalone-preset.js - - - 200 337162 application/javascript 28.8003ms
***2023-06-04 21:19:29 --  INF  Request finished HTTP/2 GET https://localhost:44311/_vs/browserLink - - - 200 - text/javascript;+charset=UTF-8 42.7214ms
***2023-06-04 21:19:29 --  INF  Request finished HTTP/2 GET https://localhost:44311/swagger/swagger-ui-bundle.js - - - 200 1092889 application/javascript 72.5599ms
***2023-06-04 21:19:29 --  INF  Request starting HTTP/2 GET https://localhost:44311/swagger/v1/swagger.json - -
***2023-06-04 21:19:29 --  INF  Request starting HTTP/2 GET https://localhost:44311/swagger/favicon-32x32.png - -
***2023-06-04 21:19:29 --  INF  Sending file. Request path: '/favicon-32x32.png'. Physical path: 'N/A'
***2023-06-04 21:19:29 --  INF  Request finished HTTP/2 GET https://localhost:44311/swagger/favicon-32x32.png - - - 200 628 image/png 0.6684ms
***2023-06-04 21:19:29 --  INF  Request finished HTTP/2 GET https://localhost:44311/swagger/v1/swagger.json - - - 200 - application/json;charset=utf-8 83.6617ms
***2023-06-04 21:25:40 --  INF  Request starting HTTP/2 GET https://localhost:44311/swagger/index.html - -
***2023-06-04 21:25:40 --  INF  Request finished HTTP/2 GET https://localhost:44311/swagger/index.html - - - 200 - text/html;charset=utf-8 513.8911ms
***2023-06-04 21:25:40 --  INF  Request starting HTTP/2 GET https://localhost:44311/_framework/aspnetcore-browser-refresh.js - -
***2023-06-04 21:25:40 --  INF  Request finished HTTP/2 GET https://localhost:44311/_framework/aspnetcore-browser-refresh.js - - - 200 11982 application/javascript;+charset=utf-8 0.7893ms
***2023-06-04 21:25:40 --  INF  Request starting HTTP/2 GET https://localhost:44311/_vs/browserLink - -
***2023-06-04 21:25:40 --  INF  Request finished HTTP/2 GET https://localhost:44311/_vs/browserLink - - - 200 - text/javascript;+charset=UTF-8 37.3928ms
***2023-06-04 21:25:40 --  INF  Request starting HTTP/2 GET https://localhost:44311/swagger/v1/swagger.json - -
***2023-06-04 21:25:40 --  INF  Request finished HTTP/2 GET https://localhost:44311/swagger/v1/swagger.json - - - 200 - application/json;charset=utf-8 2.8170ms
***2023-06-04 21:26:21 --  INF  User profile is available. Using 'C:\Users\HP\AppData\Local\ASP.NET\DataProtection-Keys' as key repository and Windows DPAPI to encrypt keys at rest.
***2023-06-04 21:26:22 --  INF  Application started. Press Ctrl+C to shut down.
***2023-06-04 21:26:22 --  INF  Hosting environment: Development
***2023-06-04 21:26:22 --  INF  Content root path: C:\Users\HP\Desktop\C#\Api\RestApiTest\WebApi\RestApi.UI\
***2023-06-04 21:26:22 --  INF  Request starting HTTP/2 GET https://localhost:44311/swagger/index.html - -
***2023-06-04 21:26:22 --  INF  Request finished HTTP/2 GET https://localhost:44311/swagger/index.html - - - 200 - text/html;charset=utf-8 183.7068ms
***2023-06-04 21:26:22 --  INF  Request starting HTTP/2 GET https://localhost:44311/_framework/aspnetcore-browser-refresh.js - -
***2023-06-04 21:26:22 --  INF  Request finished HTTP/2 GET https://localhost:44311/_framework/aspnetcore-browser-refresh.js - - - 200 11982 application/javascript;+charset=utf-8 4.9161ms
***2023-06-04 21:26:22 --  INF  Request starting HTTP/2 GET https://localhost:44311/_vs/browserLink - -
***2023-06-04 21:26:22 --  INF  Request finished HTTP/2 GET https://localhost:44311/_vs/browserLink - - - 200 - text/javascript;+charset=UTF-8 45.6099ms
***2023-06-04 21:26:22 --  INF  Request starting HTTP/2 GET https://localhost:44311/swagger/v1/swagger.json - -
***2023-06-04 21:26:22 --  INF  Request finished HTTP/2 GET https://localhost:44311/swagger/v1/swagger.json - - - 200 - application/json;charset=utf-8 113.9946ms
***2023-06-04 21:32:15 --  INF  User profile is available. Using 'C:\Users\HP\AppData\Local\ASP.NET\DataProtection-Keys' as key repository and Windows DPAPI to encrypt keys at rest.
***2023-06-04 21:32:16 --  INF  Application started. Press Ctrl+C to shut down.
***2023-06-04 21:32:16 --  INF  Hosting environment: Development
***2023-06-04 21:32:16 --  INF  Content root path: C:\Users\HP\Desktop\C#\Api\RestApiTest\WebApi\RestApi.UI\
***2023-06-04 21:32:16 --  INF  Request starting HTTP/2 GET https://localhost:44311/swagger/index.html - -
***2023-06-04 21:32:16 --  INF  Request finished HTTP/2 GET https://localhost:44311/swagger/index.html - - - 200 - text/html;charset=utf-8 158.6301ms
***2023-06-04 21:32:16 --  INF  Request starting HTTP/2 GET https://localhost:44311/_framework/aspnetcore-browser-refresh.js - -
***2023-06-04 21:32:16 --  INF  Request finished HTTP/2 GET https://localhost:44311/_framework/aspnetcore-browser-refresh.js - - - 200 11982 application/javascript;+charset=utf-8 2.9200ms
***2023-06-04 21:32:16 --  INF  Request starting HTTP/2 GET https://localhost:44311/_vs/browserLink - -
***2023-06-04 21:32:16 --  INF  Request finished HTTP/2 GET https://localhost:44311/_vs/browserLink - - - 200 - text/javascript;+charset=UTF-8 38.5397ms
***2023-06-04 21:32:16 --  INF  Request starting HTTP/2 GET https://localhost:44311/swagger/v1/swagger.json - -
***2023-06-04 21:32:16 --  INF  Request finished HTTP/2 GET https://localhost:44311/swagger/v1/swagger.json - - - 200 - application/json;charset=utf-8 88.9025ms
***2023-06-04 21:32:27 --  INF  Request starting HTTP/2 GET https://localhost:44311/api/Employee/GetAll - -
***2023-06-04 21:32:27 --  INF  No cached response available for this request.
***2023-06-04 21:32:27 --  INF  Executing endpoint 'Api.UI.Controllers.EmployeeController.GetAll (Api.UI)'
***2023-06-04 21:32:27 --  INF  Route matched with {action = "GetAll", controller = "Employee"}. Executing controller action with signature System.Threading.Tasks.Task`1[Microsoft.AspNetCore.Mvc.IActionResult] GetAll() on controller Api.UI.Controllers.EmployeeController (Api.UI).
***2023-06-04 21:32:28 --  INF  Entity Framework Core 6.0.16 initialized 'AppDbContext' using provider 'Microsoft.EntityFrameworkCore.SqlServer:6.0.16' with options: None
***2023-06-04 21:32:28 --  INF  GetAll index'e istek atilmisdir.
***2023-06-04 21:32:28 --  INF  Executed DbCommand (44ms) [Parameters=[], CommandType='"Text"', CommandTimeout='30']
SELECT [m].[Id], [m].[Adress], [m].[Age], [m].[CreateDate], [m].[Name], [m].[Surname]
FROM [Members] AS [m]
***2023-06-04 21:32:29 --  INF  Executing OkObjectResult, writing value of type 'System.Collections.Generic.List`1[[ServiceLayer.DTOs.User.UserDto, ServiceLayer, Version=1.0.0.0, Culture=neutral, PublicKeyToken=null]]'.
***2023-06-04 21:32:29 --  INF  Executed action Api.UI.Controllers.EmployeeController.GetAll (Api.UI) in 1747.9343ms
***2023-06-04 21:32:29 --  INF  Executed endpoint 'Api.UI.Controllers.EmployeeController.GetAll (Api.UI)'
***2023-06-04 21:32:29 --  INF  The response has been cached.
***2023-06-04 21:32:29 --  INF  Request finished HTTP/2 GET https://localhost:44311/api/Employee/GetAll - - - 200 - application/json;+charset=utf-8 1859.7438ms
